
64. Printing statistics.

=== uart_top ===

   Number of wires:                159
   Number of wire bits:            173
   Number of public wires:          33
   Number of public wire bits:      47
   Number of memories:               0
   Number of memory bits:            0
   Number of processes:              0
   Number of cells:                162
     sky130_fd_sc_hd__a21bo_2        1
     sky130_fd_sc_hd__a21o_2         4
     sky130_fd_sc_hd__a21oi_2        2
     sky130_fd_sc_hd__a22o_2         6
     sky130_fd_sc_hd__a32o_2         1
     sky130_fd_sc_hd__and2_2         3
     sky130_fd_sc_hd__and2b_2        1
     sky130_fd_sc_hd__and3_2         2
     sky130_fd_sc_hd__and4_2         1
     sky130_fd_sc_hd__and4bb_2       2
     sky130_fd_sc_hd__buf_1         16
     sky130_fd_sc_hd__dfrtp_2       25
     sky130_fd_sc_hd__dfstp_2       11
     sky130_fd_sc_hd__inv_2         38
     sky130_fd_sc_hd__mux2_2        11
     sky130_fd_sc_hd__nand2_2        5
     sky130_fd_sc_hd__nand3_2        1
     sky130_fd_sc_hd__nor2_2         4
     sky130_fd_sc_hd__nor2b_2        1
     sky130_fd_sc_hd__nor3_2         2
     sky130_fd_sc_hd__o21a_2         7
     sky130_fd_sc_hd__o21ai_2        1
     sky130_fd_sc_hd__o21ba_2        2
     sky130_fd_sc_hd__o221a_2        5
     sky130_fd_sc_hd__or2_2          7
     sky130_fd_sc_hd__or2b_2         1
     sky130_fd_sc_hd__or3_2          1
     sky130_fd_sc_hd__xor2_2         1

   Chip area for module '\uart_top': 1805.481600

