OpenROAD 41a51eaf4ca2171c92ff38afb91eb37bbd3f36da 
This program is licensed under the BSD-3 license. See the LICENSE file for details.
Components of this program may be licensed under more restrictive licenses which must be honored.
[INFO]: Reading ODB at '/openlane/designs/uart/runs/RUN_2026.07.21_12.28.00/tmp/routing/21-fill.odb'…
define_corners Typical
read_liberty -corner Typical /home/nani/.ciel/sky130A/libs.ref/sky130_fd_sc_hd/lib/sky130_fd_sc_hd__tt_025C_1v80.lib
Using 1e-12 for capacitance...
Using 1e+03 for resistance...
Using 1e-09 for time...
Using 1e+00 for voltage...
Using 1e-03 for current...
Using 1e-09 for power...
Using 1e-06 for distance...
Reading design constraints file at '/openlane/designs/uart/runs/RUN_2026.07.21_12.28.00/tmp/16-uart_top.sdc'…
[INFO ORD-0030] Using 2 thread(s).
[INFO DRT-0149] Reading tech and libs.

Units:                1000
Number of layers:     13
Number of macros:     441
Number of vias:       25
Number of viarulegen: 25

[INFO DRT-0150] Reading design.

Design:                   uart_top
Die area:                 ( 0 0 ) ( 61825 72545 )
Number of track patterns: 12
Number of DEF vias:       0
Number of components:     354
Number of terminals:      24
Number of snets:          2
Number of nets:           202

[INFO DRT-0167] List of default vias:
  Layer mcon
    default via: L1M1_PR
  Layer via
    default via: M1M2_PR
  Layer via2
    default via: M2M3_PR
  Layer via3
    default via: M3M4_PR
  Layer via4
    default via: M4M5_PR
[INFO DRT-0162] Library cell analysis.
[INFO DRT-0163] Instance analysis.
[INFO DRT-0164] Number of unique instances = 94.
[INFO DRT-0168] Init region query.
[INFO DRT-0024]   Complete FR_MASTERSLICE.
[INFO DRT-0024]   Complete licon.
[INFO DRT-0024]   Complete li1.
[INFO DRT-0024]   Complete mcon.
[INFO DRT-0024]   Complete met1.
[INFO DRT-0024]   Complete via.
[INFO DRT-0024]   Complete met2.
[INFO DRT-0024]   Complete via2.
[INFO DRT-0024]   Complete met3.
[INFO DRT-0024]   Complete via3.
[INFO DRT-0024]   Complete met4.
[INFO DRT-0024]   Complete via4.
[INFO DRT-0024]   Complete met5.
[INFO DRT-0033] FR_MASTERSLICE shape region query size = 0.
[INFO DRT-0033] licon shape region query size = 0.
[INFO DRT-0033] li1 shape region query size = 6565.
[INFO DRT-0033] mcon shape region query size = 48.
[INFO DRT-0033] met1 shape region query size = 1534.
[INFO DRT-0033] via shape region query size = 380.
[INFO DRT-0033] met2 shape region query size = 240.
[INFO DRT-0033] via2 shape region query size = 304.
[INFO DRT-0033] met3 shape region query size = 238.
[INFO DRT-0033] via3 shape region query size = 304.
[INFO DRT-0033] met4 shape region query size = 124.
[INFO DRT-0033] via4 shape region query size = 32.
[INFO DRT-0033] met5 shape region query size = 48.
[INFO DRT-0165] Start pin access.
[INFO DRT-0076]   Complete 100 pins.
[INFO DRT-0076]   Complete 200 pins.
[INFO DRT-0078]   Complete 258 pins.
[INFO DRT-0081]   Complete 76 unique inst patterns.
[INFO DRT-0084]   Complete 91 groups.
#scanned instances     = 354
#unique  instances     = 94
#stdCellGenAp          = 2073
#stdCellValidPlanarAp  = 40
#stdCellValidViaAp     = 1559
#stdCellPinNoAp        = 0
#stdCellPinCnt         = 596
#instTermValidViaApCnt = 0
#macroGenAp            = 0
#macroValidPlanarAp    = 0
#macroValidViaAp       = 0
#macroNoAp             = 0
[INFO DRT-0166] Complete pin access.
[INFO DRT-0267] cpu time = 00:00:04, elapsed time = 00:00:02, memory = 113.32 (MB), peak = 112.32 (MB)

Number of guides:     1306

[INFO DRT-0169] Post process guides.
[INFO DRT-0176] GCELLGRID X 0 DO 8 STEP 6900 ;
[INFO DRT-0177] GCELLGRID Y 0 DO 10 STEP 6900 ;
[INFO DRT-0028]   Complete FR_MASTERSLICE.
[INFO DRT-0028]   Complete licon.
[INFO DRT-0028]   Complete li1.
[INFO DRT-0028]   Complete mcon.
[INFO DRT-0028]   Complete met1.
[INFO DRT-0028]   Complete via.
[INFO DRT-0028]   Complete met2.
[INFO DRT-0028]   Complete via2.
[INFO DRT-0028]   Complete met3.
[INFO DRT-0028]   Complete via3.
[INFO DRT-0028]   Complete met4.
[INFO DRT-0028]   Complete via4.
[INFO DRT-0028]   Complete met5.
[INFO DRT-0178] Init guide query.
[INFO DRT-0035]   Complete FR_MASTERSLICE (guide).
[INFO DRT-0035]   Complete licon (guide).
[INFO DRT-0035]   Complete li1 (guide).
[INFO DRT-0035]   Complete mcon (guide).
[INFO DRT-0035]   Complete met1 (guide).
[INFO DRT-0035]   Complete via (guide).
[INFO DRT-0035]   Complete met2 (guide).
[INFO DRT-0035]   Complete via2 (guide).
[INFO DRT-0035]   Complete met3 (guide).
[INFO DRT-0035]   Complete via3 (guide).
[INFO DRT-0035]   Complete met4 (guide).
[INFO DRT-0035]   Complete via4 (guide).
[INFO DRT-0035]   Complete met5 (guide).
[INFO DRT-0036] FR_MASTERSLICE guide region query size = 0.
[INFO DRT-0036] licon guide region query size = 0.
[INFO DRT-0036] li1 guide region query size = 433.
[INFO DRT-0036] mcon guide region query size = 0.
[INFO DRT-0036] met1 guide region query size = 350.
[INFO DRT-0036] via guide region query size = 0.
[INFO DRT-0036] met2 guide region query size = 179.
[INFO DRT-0036] via2 guide region query size = 0.
[INFO DRT-0036] met3 guide region query size = 16.
[INFO DRT-0036] via3 guide region query size = 0.
[INFO DRT-0036] met4 guide region query size = 1.
[INFO DRT-0036] via4 guide region query size = 0.
[INFO DRT-0036] met5 guide region query size = 0.
[INFO DRT-0179] Init gr pin query.
[INFO DRT-0245] skipped writing guide updates to database.
[INFO DRT-0185] Post process initialize RPin region query.
[INFO DRT-0181] Start track assignment.
[INFO DRT-0184] Done with 613 vertical wires in 1 frboxes and 366 horizontal wires in 1 frboxes.
[INFO DRT-0186] Done with 84 vertical wires in 1 frboxes and 95 horizontal wires in 1 frboxes.
[INFO DRT-0182] Complete track assignment.
[INFO DRT-0267] cpu time = 00:00:00, elapsed time = 00:00:00, memory = 115.64 (MB), peak = 115.82 (MB)
[INFO DRT-0187] Start routing data preparation.
[INFO DRT-0267] cpu time = 00:00:00, elapsed time = 00:00:00, memory = 115.64 (MB), peak = 115.82 (MB)
[INFO DRT-0194] Start detail routing.
[INFO DRT-0195] Start 0th optimization iteration.
    Completing 10% with 0 violations.
    elapsed time = 00:00:01, memory = 140.63 (MB).
    Completing 20% with 34 violations.
    elapsed time = 00:00:01, memory = 126.93 (MB).
    Completing 30% with 45 violations.
    elapsed time = 00:00:01, memory = 136.36 (MB).
    Completing 40% with 77 violations.
    elapsed time = 00:00:01, memory = 136.36 (MB).
[INFO DRT-0199]   Number of violations = 118.
Viol/Layer        met1   met2   met3
Metal Spacing       16     10      6
Min Hole             0      1      0
Recheck             17     19      0
Short               42      7      0
[INFO DRT-0267] cpu time = 00:00:01, elapsed time = 00:00:01, memory = 487.75 (MB), peak = 486.72 (MB)
Total wire length = 3678 um.
Total wire length on LAYER li1 = 0 um.
Total wire length on LAYER met1 = 1839 um.
Total wire length on LAYER met2 = 1701 um.
Total wire length on LAYER met3 = 137 um.
Total wire length on LAYER met4 = 0 um.
Total wire length on LAYER met5 = 0 um.
Total number of vias = 1182.
Up-via summary (total 1182):.

-----------------------
 FR_MASTERSLICE       0
            li1     560
           met1     602
           met2      20
           met3       0
           met4       0
-----------------------
                   1182


[INFO DRT-0195] Start 1st optimization iteration.
    Completing 10% with 118 violations.
    elapsed time = 00:00:00, memory = 487.75 (MB).
    Completing 20% with 117 violations.
    elapsed time = 00:00:00, memory = 495.68 (MB).
    Completing 30% with 107 violations.
    elapsed time = 00:00:01, memory = 477.99 (MB).
    Completing 40% with 71 violations.
    elapsed time = 00:00:01, memory = 477.99 (MB).
[INFO DRT-0199]   Number of violations = 19.
Viol/Layer        met1   met2
Metal Spacing       10      3
Short                4      2
[INFO DRT-0267] cpu time = 00:00:01, elapsed time = 00:00:01, memory = 478.12 (MB), peak = 494.85 (MB)
Total wire length = 3594 um.
Total wire length on LAYER li1 = 0 um.
Total wire length on LAYER met1 = 1785 um.
Total wire length on LAYER met2 = 1684 um.
Total wire length on LAYER met3 = 124 um.
Total wire length on LAYER met4 = 0 um.
Total wire length on LAYER met5 = 0 um.
Total number of vias = 1187.
Up-via summary (total 1187):.

-----------------------
 FR_MASTERSLICE       0
            li1     560
           met1     606
           met2      21
           met3       0
           met4       0
-----------------------
                   1187


[INFO DRT-0195] Start 2nd optimization iteration.
    Completing 10% with 19 violations.
    elapsed time = 00:00:00, memory = 478.12 (MB).
    Completing 20% with 19 violations.
    elapsed time = 00:00:00, memory = 478.12 (MB).
    Completing 30% with 19 violations.
    elapsed time = 00:00:00, memory = 478.12 (MB).
    Completing 40% with 19 violations.
    elapsed time = 00:00:00, memory = 478.12 (MB).
    Completing 50% with 19 violations.
    elapsed time = 00:00:00, memory = 478.12 (MB).
    Completing 60% with 19 violations.
    elapsed time = 00:00:01, memory = 518.13 (MB).
[INFO DRT-0199]   Number of violations = 30.
Viol/Layer        met1   met2
Metal Spacing        9      0
Short               20      1
[INFO DRT-0267] cpu time = 00:00:01, elapsed time = 00:00:01, memory = 478.45 (MB), peak = 528.27 (MB)
Total wire length = 3571 um.
Total wire length on LAYER li1 = 0 um.
Total wire length on LAYER met1 = 1807 um.
Total wire length on LAYER met2 = 1650 um.
Total wire length on LAYER met3 = 113 um.
Total wire length on LAYER met4 = 0 um.
Total wire length on LAYER met5 = 0 um.
Total number of vias = 1154.
Up-via summary (total 1154):.

-----------------------
 FR_MASTERSLICE       0
            li1     560
           met1     576
           met2      18
           met3       0
           met4       0
-----------------------
                   1154


[INFO DRT-0195] Start 3rd optimization iteration.
    Completing 10% with 30 violations.
    elapsed time = 00:00:01, memory = 478.45 (MB).
    Completing 20% with 14 violations.
    elapsed time = 00:00:01, memory = 478.45 (MB).
    Completing 30% with 5 violations.
    elapsed time = 00:00:01, memory = 488.61 (MB).
    Completing 40% with 1 violations.
    elapsed time = 00:00:01, memory = 488.61 (MB).
[INFO DRT-0199]   Number of violations = 1.
Viol/Layer        met1
Metal Spacing        1
[INFO DRT-0267] cpu time = 00:00:01, elapsed time = 00:00:01, memory = 488.61 (MB), peak = 528.27 (MB)
Total wire length = 3560 um.
Total wire length on LAYER li1 = 0 um.
Total wire length on LAYER met1 = 1745 um.
Total wire length on LAYER met2 = 1664 um.
Total wire length on LAYER met3 = 150 um.
Total wire length on LAYER met4 = 0 um.
Total wire length on LAYER met5 = 0 um.
Total number of vias = 1182.
Up-via summary (total 1182):.

-----------------------
 FR_MASTERSLICE       0
            li1     560
           met1     590
           met2      32
           met3       0
           met4       0
-----------------------
                   1182


[INFO DRT-0195] Start 4th optimization iteration.
    Completing 10% with 1 violations.
    elapsed time = 00:00:00, memory = 488.61 (MB).
    Completing 20% with 1 violations.
    elapsed time = 00:00:00, memory = 488.61 (MB).
    Completing 30% with 1 violations.
    elapsed time = 00:00:00, memory = 488.61 (MB).
    Completing 40% with 0 violations.
    elapsed time = 00:00:00, memory = 488.61 (MB).
[INFO DRT-0199]   Number of violations = 0.
[INFO DRT-0267] cpu time = 00:00:00, elapsed time = 00:00:00, memory = 488.61 (MB), peak = 528.27 (MB)
Total wire length = 3555 um.
Total wire length on LAYER li1 = 0 um.
Total wire length on LAYER met1 = 1724 um.
Total wire length on LAYER met2 = 1670 um.
Total wire length on LAYER met3 = 160 um.
Total wire length on LAYER met4 = 0 um.
Total wire length on LAYER met5 = 0 um.
Total number of vias = 1179.
Up-via summary (total 1179):.

-----------------------
 FR_MASTERSLICE       0
            li1     560
           met1     585
           met2      34
           met3       0
           met4       0
-----------------------
                   1179


[INFO DRT-0198] Complete detail routing.
Total wire length = 3555 um.
Total wire length on LAYER li1 = 0 um.
Total wire length on LAYER met1 = 1724 um.
Total wire length on LAYER met2 = 1670 um.
Total wire length on LAYER met3 = 160 um.
Total wire length on LAYER met4 = 0 um.
Total wire length on LAYER met5 = 0 um.
Total number of vias = 1179.
Up-via summary (total 1179):.

-----------------------
 FR_MASTERSLICE       0
            li1     560
           met1     585
           met2      34
           met3       0
           met4       0
-----------------------
                   1179


[INFO DRT-0267] cpu time = 00:00:07, elapsed time = 00:00:07, memory = 488.61 (MB), peak = 528.27 (MB)

[INFO DRT-0180] Post processing.
Setting global connections for newly added cells…
Writing OpenROAD database to '/openlane/designs/uart/runs/RUN_2026.07.21_12.28.00/results/routing/uart_top.odb'…
Writing netlist to '/openlane/designs/uart/runs/RUN_2026.07.21_12.28.00/results/routing/uart_top.nl.v'…
Writing powered netlist to '/openlane/designs/uart/runs/RUN_2026.07.21_12.28.00/results/routing/uart_top.pnl.v'…
Writing layout to '/openlane/designs/uart/runs/RUN_2026.07.21_12.28.00/results/routing/uart_top.def'…
