
 /----------------------------------------------------------------------------\
 |                                                                            |
 |  yosys -- Yosys Open SYnthesis Suite                                       |
 |                                                                            |
 |  Copyright (C) 2012 - 2020  Claire Xenia Wolf <claire@yosyshq.com>         |
 |                                                                            |
 |  Permission to use, copy, modify, and/or distribute this software for any  |
 |  purpose with or without fee is hereby granted, provided that the above    |
 |  copyright notice and this permission notice appear in all copies.         |
 |                                                                            |
 |  THE SOFTWARE IS PROVIDED "AS IS" AND THE AUTHOR DISCLAIMS ALL WARRANTIES  |
 |  WITH REGARD TO THIS SOFTWARE INCLUDING ALL IMPLIED WARRANTIES OF          |
 |  MERCHANTABILITY AND FITNESS. IN NO EVENT SHALL THE AUTHOR BE LIABLE FOR   |
 |  ANY SPECIAL, DIRECT, INDIRECT, OR CONSEQUENTIAL DAMAGES OR ANY DAMAGES    |
 |  WHATSOEVER RESULTING FROM LOSS OF USE, DATA OR PROFITS, WHETHER IN AN     |
 |  ACTION OF CONTRACT, NEGLIGENCE OR OTHER TORTIOUS ACTION, ARISING OUT OF   |
 |  OR IN CONNECTION WITH THE USE OR PERFORMANCE OF THIS SOFTWARE.            |
 |                                                                            |
 \----------------------------------------------------------------------------/

 Yosys 0.30+48 (git sha1 14d50a176d5, gcc 8.3.1 -fPIC -Os)

[TCL: yosys -import] Command name collision: found pre-existing command `cd' -> skip.
[TCL: yosys -import] Command name collision: found pre-existing command `eval' -> skip.
[TCL: yosys -import] Command name collision: found pre-existing command `exec' -> skip.
[TCL: yosys -import] Command name collision: found pre-existing command `read' -> skip.
[TCL: yosys -import] Command name collision: found pre-existing command `trace' -> skip.

1. Executing Verilog-2005 frontend: /openlane/designs/uart/src/uart_tx.v
Parsing SystemVerilog input from `/openlane/designs/uart/src/uart_tx.v' to AST representation.
Generating RTLIL representation for module `\tx_unit'.
Successfully finished Verilog frontend.

2. Executing Verilog-2005 frontend: /openlane/designs/uart/src/baud_gen.v
Parsing SystemVerilog input from `/openlane/designs/uart/src/baud_gen.v' to AST representation.
Generating RTLIL representation for module `\baud_gen'.
Successfully finished Verilog frontend.

3. Executing Verilog-2005 frontend: /openlane/designs/uart/src/uart_top.v
Parsing SystemVerilog input from `/openlane/designs/uart/src/uart_top.v' to AST representation.
Generating RTLIL representation for module `\uart_top'.
Successfully finished Verilog frontend.

4. Executing Verilog-2005 frontend: /openlane/designs/uart/src/uart_rx.v
Parsing SystemVerilog input from `/openlane/designs/uart/src/uart_rx.v' to AST representation.
Generating RTLIL representation for module `\rx_unit'.
Successfully finished Verilog frontend.

5. Generating Graphviz representation of design.
Writing dot description to `/openlane/designs/uart/runs/RUN_2026.06.25_18.30.17/tmp/synthesis/hierarchy.dot'.
Dumping module uart_top to page 1.

6. Executing HIERARCHY pass (managing design hierarchy).

6.1. Analyzing design hierarchy..
Top module:  \uart_top
Used module:     \rx_unit
Used module:     \tx_unit
Used module:     \baud_gen

6.2. Analyzing design hierarchy..
Top module:  \uart_top
Used module:     \rx_unit
Used module:     \tx_unit
Used module:     \baud_gen
Removed 0 unused modules.

7. Executing TRIBUF pass.

8. Executing HIERARCHY pass (managing design hierarchy).

8.1. Analyzing design hierarchy..
Top module:  \uart_top
Used module:     \rx_unit
Used module:     \tx_unit
Used module:     \baud_gen

8.2. Analyzing design hierarchy..
Top module:  \uart_top
Used module:     \rx_unit
Used module:     \tx_unit
Used module:     \baud_gen
Removed 0 unused modules.

9. Executing PROC_CLEAN pass (remove empty switches from decision trees).
Cleaned up 0 empty switches.

10. Executing PROC_RMDEAD pass (remove dead branches from decision trees).
Marked 2 switch rules as full_case in process $proc$/openlane/designs/uart/src/uart_rx.v:13$14 in module rx_unit.
Marked 2 switch rules as full_case in process $proc$/openlane/designs/uart/src/baud_gen.v:11$11 in module baud_gen.
Marked 2 switch rules as full_case in process $proc$/openlane/designs/uart/src/uart_tx.v:15$1 in module tx_unit.
Removed a total of 0 dead cases.

11. Executing PROC_PRUNE pass (remove redundant assignments in processes).
Removed 3 redundant assignments.
Promoted 3 assignments to connections.

12. Executing PROC_INIT pass (extract init attributes).
Found init rule in `\tx_unit.$proc$/openlane/designs/uart/src/uart_tx.v:13$10'.
  Set init value: \busy = 1'0
Found init rule in `\tx_unit.$proc$/openlane/designs/uart/src/uart_tx.v:12$9'.
  Set init value: \shift_reg = 10'1111111111
Found init rule in `\tx_unit.$proc$/openlane/designs/uart/src/uart_tx.v:11$8'.
  Set init value: \bit_count = 4'0000

13. Executing PROC_ARST pass (detect async resets in processes).
Found async reset \rst in `\rx_unit.$proc$/openlane/designs/uart/src/uart_rx.v:13$14'.
Found async reset \rst in `\baud_gen.$proc$/openlane/designs/uart/src/baud_gen.v:11$11'.
Found async reset \rst in `\tx_unit.$proc$/openlane/designs/uart/src/uart_tx.v:15$1'.

14. Executing PROC_ROM pass (convert switches to ROMs).
Converted 0 switches.
<suppressed ~8 debug messages>

15. Executing PROC_MUX pass (convert decision trees to multiplexers).
Creating decoders for process `\rx_unit.$proc$/openlane/designs/uart/src/uart_rx.v:13$14'.
     1/4: $0\rx_done[0:0]
     2/4: $0\rx_data[7:0]
     3/4: $0\busy[0:0]
     4/4: $0\bit_count[3:0]
Creating decoders for process `\baud_gen.$proc$/openlane/designs/uart/src/baud_gen.v:11$11'.
     1/2: $0\baud_tick[0:0]
     2/2: $0\count[3:0]
Creating decoders for process `\tx_unit.$proc$/openlane/designs/uart/src/uart_tx.v:13$10'.
Creating decoders for process `\tx_unit.$proc$/openlane/designs/uart/src/uart_tx.v:12$9'.
Creating decoders for process `\tx_unit.$proc$/openlane/designs/uart/src/uart_tx.v:11$8'.
Creating decoders for process `\tx_unit.$proc$/openlane/designs/uart/src/uart_tx.v:15$1'.
     1/5: $0\busy[0:0]
     2/5: $0\shift_reg[9:0]
     3/5: $0\bit_count[3:0]
     4/5: $0\tx_done[0:0]
     5/5: $0\tx[0:0]

16. Executing PROC_DLATCH pass (convert process syncs to latches).

17. Executing PROC_DFF pass (convert process syncs to FFs).
Creating register for signal `\rx_unit.\bit_count' using process `\rx_unit.$proc$/openlane/designs/uart/src/uart_rx.v:13$14'.
  created $adff cell `$procdff$89' with positive edge clock and positive level reset.
Creating register for signal `\rx_unit.\busy' using process `\rx_unit.$proc$/openlane/designs/uart/src/uart_rx.v:13$14'.
  created $adff cell `$procdff$90' with positive edge clock and positive level reset.
Creating register for signal `\rx_unit.\rx_data' using process `\rx_unit.$proc$/openlane/designs/uart/src/uart_rx.v:13$14'.
  created $adff cell `$procdff$91' with positive edge clock and positive level reset.
Creating register for signal `\rx_unit.\rx_done' using process `\rx_unit.$proc$/openlane/designs/uart/src/uart_rx.v:13$14'.
  created $adff cell `$procdff$92' with positive edge clock and positive level reset.
Creating register for signal `\baud_gen.\baud_tick' using process `\baud_gen.$proc$/openlane/designs/uart/src/baud_gen.v:11$11'.
  created $adff cell `$procdff$93' with positive edge clock and positive level reset.
Creating register for signal `\baud_gen.\count' using process `\baud_gen.$proc$/openlane/designs/uart/src/baud_gen.v:11$11'.
  created $adff cell `$procdff$94' with positive edge clock and positive level reset.
Creating register for signal `\tx_unit.\tx' using process `\tx_unit.$proc$/openlane/designs/uart/src/uart_tx.v:15$1'.
  created $adff cell `$procdff$95' with positive edge clock and positive level reset.
Creating register for signal `\tx_unit.\tx_done' using process `\tx_unit.$proc$/openlane/designs/uart/src/uart_tx.v:15$1'.
  created $adff cell `$procdff$96' with positive edge clock and positive level reset.
Creating register for signal `\tx_unit.\bit_count' using process `\tx_unit.$proc$/openlane/designs/uart/src/uart_tx.v:15$1'.
  created $adff cell `$procdff$97' with positive edge clock and positive level reset.
Creating register for signal `\tx_unit.\shift_reg' using process `\tx_unit.$proc$/openlane/designs/uart/src/uart_tx.v:15$1'.
  created $adff cell `$procdff$98' with positive edge clock and positive level reset.
Creating register for signal `\tx_unit.\busy' using process `\tx_unit.$proc$/openlane/designs/uart/src/uart_tx.v:15$1'.
  created $adff cell `$procdff$99' with positive edge clock and positive level reset.

18. Executing PROC_MEMWR pass (convert process memory writes to cells).

19. Executing PROC_CLEAN pass (remove empty switches from decision trees).
Found and cleaned up 4 empty switches in `\rx_unit.$proc$/openlane/designs/uart/src/uart_rx.v:13$14'.
Removing empty process `rx_unit.$proc$/openlane/designs/uart/src/uart_rx.v:13$14'.
Found and cleaned up 1 empty switch in `\baud_gen.$proc$/openlane/designs/uart/src/baud_gen.v:11$11'.
Removing empty process `baud_gen.$proc$/openlane/designs/uart/src/baud_gen.v:11$11'.
Removing empty process `tx_unit.$proc$/openlane/designs/uart/src/uart_tx.v:13$10'.
Removing empty process `tx_unit.$proc$/openlane/designs/uart/src/uart_tx.v:12$9'.
Removing empty process `tx_unit.$proc$/openlane/designs/uart/src/uart_tx.v:11$8'.
Found and cleaned up 3 empty switches in `\tx_unit.$proc$/openlane/designs/uart/src/uart_tx.v:15$1'.
Removing empty process `tx_unit.$proc$/openlane/designs/uart/src/uart_tx.v:15$1'.
Cleaned up 8 empty switches.

20. Executing CHECK pass (checking for obvious problems).
Checking module rx_unit...
Checking module uart_top...
Checking module baud_gen...
Checking module tx_unit...
Found and reported 0 problems.

21. Executing OPT_EXPR pass (perform const folding).
Optimizing module rx_unit.
Optimizing module uart_top.
Optimizing module baud_gen.
Optimizing module tx_unit.
<suppressed ~1 debug messages>

22. Executing FLATTEN pass (flatten design).
Deleting now unused module rx_unit.
Deleting now unused module baud_gen.
Deleting now unused module tx_unit.
<suppressed ~3 debug messages>

23. Executing OPT_EXPR pass (perform const folding).
Optimizing module uart_top.

24. Executing OPT_CLEAN pass (remove unused cells and wires).
Finding unused cells or wires in module \uart_top..
Removed 0 unused cells and 44 unused wires.
<suppressed ~1 debug messages>

25. Executing OPT pass (performing simple optimizations).

25.1. Executing OPT_EXPR pass (perform const folding).
Optimizing module uart_top.

25.2. Executing OPT_MERGE pass (detect identical cells).
Finding identical cells in module `\uart_top'.
Removed a total of 0 cells.

25.3. Executing OPT_MUXTREE pass (detect dead branches in mux trees).
Running muxtree optimizer on module \uart_top..
  Creating internal representation of mux trees.
  Evaluating internal representation of mux trees.
      Replacing known input bits on port A of cell $flatten\rxu.$procmux$38: \rxu.busy -> 1'0
      Replacing known input bits on port A of cell $flatten\rxu.$procmux$36: \rxu.busy -> 1'1
  Analyzing evaluation results.
Removed 0 multiplexer ports.
<suppressed ~11 debug messages>

25.4. Executing OPT_REDUCE pass (consolidate $*mux and $reduce_* inputs).
  Optimizing cells in module \uart_top.
Performed a total of 0 changes.

25.5. Executing OPT_MERGE pass (detect identical cells).
Finding identical cells in module `\uart_top'.
Removed a total of 0 cells.

25.6. Executing OPT_DFF pass (perform DFF optimizations).

25.7. Executing OPT_CLEAN pass (remove unused cells and wires).
Finding unused cells or wires in module \uart_top..

25.8. Executing OPT_EXPR pass (perform const folding).
Optimizing module uart_top.

25.9. Finished OPT passes. (There is nothing left to do.)

26. Executing FSM pass (extract and optimize FSM).

26.1. Executing FSM_DETECT pass (finding FSMs in design).

26.2. Executing FSM_EXTRACT pass (extracting FSM from design).

26.3. Executing FSM_OPT pass (simple optimizations of FSMs).

26.4. Executing OPT_CLEAN pass (remove unused cells and wires).
Finding unused cells or wires in module \uart_top..

26.5. Executing FSM_OPT pass (simple optimizations of FSMs).

26.6. Executing FSM_RECODE pass (re-assigning FSM state encoding).

26.7. Executing FSM_INFO pass (dumping all available information on FSM cells).

26.8. Executing FSM_MAP pass (mapping FSMs to basic logic).

27. Executing OPT pass (performing simple optimizations).

27.1. Executing OPT_EXPR pass (perform const folding).
Optimizing module uart_top.

27.2. Executing OPT_MERGE pass (detect identical cells).
Finding identical cells in module `\uart_top'.
Removed a total of 0 cells.

27.3. Executing OPT_MUXTREE pass (detect dead branches in mux trees).
Running muxtree optimizer on module \uart_top..
  Creating internal representation of mux trees.
  Evaluating internal representation of mux trees.
  Analyzing evaluation results.
Removed 0 multiplexer ports.
<suppressed ~11 debug messages>

27.4. Executing OPT_REDUCE pass (consolidate $*mux and $reduce_* inputs).
  Optimizing cells in module \uart_top.
Performed a total of 0 changes.

27.5. Executing OPT_MERGE pass (detect identical cells).
Finding identical cells in module `\uart_top'.
Removed a total of 0 cells.

27.6. Executing OPT_DFF pass (perform DFF optimizations).
Adding EN signal on $flatten\txu.$procdff$99 ($adff) from module uart_top (D = $flatten\txu.$0\busy[0:0], Q = \txu.busy).
Adding EN signal on $flatten\txu.$procdff$98 ($adff) from module uart_top (D = $flatten\txu.$0\shift_reg[9:0], Q = \txu.shift_reg).
Adding EN signal on $flatten\txu.$procdff$97 ($adff) from module uart_top (D = $flatten\txu.$0\bit_count[3:0], Q = \txu.bit_count).
Adding EN signal on $flatten\txu.$procdff$96 ($adff) from module uart_top (D = $flatten\txu.$0\tx_done[0:0], Q = \txu.tx_done).
Adding EN signal on $flatten\txu.$procdff$95 ($adff) from module uart_top (D = $flatten\txu.$0\tx[0:0], Q = \txu.tx).
Adding EN signal on $flatten\rxu.$procdff$91 ($adff) from module uart_top (D = { \txu.tx \rxu.rx_data [7:1] }, Q = \rxu.rx_data).
Adding EN signal on $flatten\rxu.$procdff$90 ($adff) from module uart_top (D = $flatten\rxu.$procmux$41_Y, Q = \rxu.busy).
Adding EN signal on $flatten\rxu.$procdff$89 ($adff) from module uart_top (D = $flatten\rxu.$procmux$48_Y, Q = \rxu.bit_count).

27.7. Executing OPT_CLEAN pass (remove unused cells and wires).
Finding unused cells or wires in module \uart_top..
Removed 5 unused cells and 5 unused wires.
<suppressed ~6 debug messages>

27.8. Executing OPT_EXPR pass (perform const folding).
Optimizing module uart_top.
<suppressed ~6 debug messages>

27.9. Rerunning OPT passes. (Maybe there is more to do..)

27.10. Executing OPT_MUXTREE pass (detect dead branches in mux trees).
Running muxtree optimizer on module \uart_top..
  Creating internal representation of mux trees.
  Evaluating internal representation of mux trees.
  Analyzing evaluation results.
Removed 0 multiplexer ports.
<suppressed ~10 debug messages>

27.11. Executing OPT_REDUCE pass (consolidate $*mux and $reduce_* inputs).
  Optimizing cells in module \uart_top.
Performed a total of 0 changes.

27.12. Executing OPT_MERGE pass (detect identical cells).
Finding identical cells in module `\uart_top'.
<suppressed ~18 debug messages>
Removed a total of 6 cells.

27.13. Executing OPT_DFF pass (perform DFF optimizations).

27.14. Executing OPT_CLEAN pass (remove unused cells and wires).
Finding unused cells or wires in module \uart_top..
Removed 0 unused cells and 6 unused wires.
<suppressed ~1 debug messages>

27.15. Executing OPT_EXPR pass (perform const folding).
Optimizing module uart_top.

27.16. Rerunning OPT passes. (Maybe there is more to do..)

27.17. Executing OPT_MUXTREE pass (detect dead branches in mux trees).
Running muxtree optimizer on module \uart_top..
  Creating internal representation of mux trees.
  Evaluating internal representation of mux trees.
  Analyzing evaluation results.
Removed 0 multiplexer ports.
<suppressed ~10 debug messages>

27.18. Executing OPT_REDUCE pass (consolidate $*mux and $reduce_* inputs).
  Optimizing cells in module \uart_top.
Performed a total of 0 changes.

27.19. Executing OPT_MERGE pass (detect identical cells).
Finding identical cells in module `\uart_top'.
Removed a total of 0 cells.

27.20. Executing OPT_DFF pass (perform DFF optimizations).

27.21. Executing OPT_CLEAN pass (remove unused cells and wires).
Finding unused cells or wires in module \uart_top..

27.22. Executing OPT_EXPR pass (perform const folding).
Optimizing module uart_top.

27.23. Finished OPT passes. (There is nothing left to do.)

28. Executing WREDUCE pass (reducing word size of cells).
Removed top 31 bits (of 32) from port B of cell uart_top.$flatten\bg.$add$/openlane/designs/uart/src/baud_gen.v:27$13 ($add).
Removed top 28 bits (of 32) from port Y of cell uart_top.$flatten\bg.$add$/openlane/designs/uart/src/baud_gen.v:27$13 ($add).
Removed top 2 bits (of 4) from port B of cell uart_top.$flatten\bg.$eq$/openlane/designs/uart/src/baud_gen.v:20$12 ($eq).
Removed top 31 bits (of 32) from port B of cell uart_top.$flatten\txu.$add$/openlane/designs/uart/src/uart_tx.v:48$6 ($add).
Removed top 28 bits (of 32) from port Y of cell uart_top.$flatten\txu.$add$/openlane/designs/uart/src/uart_tx.v:48$6 ($add).
Removed top 1 bits (of 3) from port B of cell uart_top.$auto$opt_dff.cc:195:make_patterns_logic$102 ($ne).
Removed top 1 bits (of 4) from port B of cell uart_top.$flatten\rxu.$eq$/openlane/designs/uart/src/uart_rx.v:38$19 ($eq).
Removed top 31 bits (of 32) from port B of cell uart_top.$flatten\rxu.$add$/openlane/designs/uart/src/uart_rx.v:36$18 ($add).
Removed top 28 bits (of 32) from port Y of cell uart_top.$flatten\rxu.$add$/openlane/designs/uart/src/uart_rx.v:36$18 ($add).
Removed top 28 bits (of 32) from wire uart_top.$flatten\bg.$add$/openlane/designs/uart/src/baud_gen.v:27$13_Y.
Removed top 28 bits (of 32) from wire uart_top.$flatten\rxu.$add$/openlane/designs/uart/src/uart_rx.v:36$18_Y.

29. Executing PEEPOPT pass (run peephole optimizers).

30. Executing OPT_CLEAN pass (remove unused cells and wires).
Finding unused cells or wires in module \uart_top..
Removed 0 unused cells and 2 unused wires.
<suppressed ~1 debug messages>

31. Executing ALUMACC pass (create $alu and $macc cells).
Extracting $alu and $macc cells in module uart_top:
  creating $macc model for $flatten\bg.$add$/openlane/designs/uart/src/baud_gen.v:27$13 ($add).
  creating $macc model for $flatten\rxu.$add$/openlane/designs/uart/src/uart_rx.v:36$18 ($add).
  creating $macc model for $flatten\txu.$add$/openlane/designs/uart/src/uart_tx.v:48$6 ($add).
  creating $alu model for $macc $flatten\txu.$add$/openlane/designs/uart/src/uart_tx.v:48$6.
  creating $alu model for $macc $flatten\rxu.$add$/openlane/designs/uart/src/uart_rx.v:36$18.
  creating $alu model for $macc $flatten\bg.$add$/openlane/designs/uart/src/baud_gen.v:27$13.
  creating $alu cell for $flatten\bg.$add$/openlane/designs/uart/src/baud_gen.v:27$13: $auto$alumacc.cc:485:replace_alu$136
  creating $alu cell for $flatten\rxu.$add$/openlane/designs/uart/src/uart_rx.v:36$18: $auto$alumacc.cc:485:replace_alu$139
  creating $alu cell for $flatten\txu.$add$/openlane/designs/uart/src/uart_tx.v:48$6: $auto$alumacc.cc:485:replace_alu$142
  created 3 $alu and 0 $macc cells.

32. Executing SHARE pass (SAT-based resource sharing).

33. Executing OPT pass (performing simple optimizations).

33.1. Executing OPT_EXPR pass (perform const folding).
Optimizing module uart_top.

33.2. Executing OPT_MERGE pass (detect identical cells).
Finding identical cells in module `\uart_top'.
Removed a total of 0 cells.

33.3. Executing OPT_MUXTREE pass (detect dead branches in mux trees).
Running muxtree optimizer on module \uart_top..
  Creating internal representation of mux trees.
  Evaluating internal representation of mux trees.
  Analyzing evaluation results.
Removed 0 multiplexer ports.
<suppressed ~10 debug messages>

33.4. Executing OPT_REDUCE pass (consolidate $*mux and $reduce_* inputs).
  Optimizing cells in module \uart_top.
Performed a total of 0 changes.

33.5. Executing OPT_MERGE pass (detect identical cells).
Finding identical cells in module `\uart_top'.
Removed a total of 0 cells.

33.6. Executing OPT_DFF pass (perform DFF optimizations).

33.7. Executing OPT_CLEAN pass (remove unused cells and wires).
Finding unused cells or wires in module \uart_top..

33.8. Executing OPT_EXPR pass (perform const folding).
Optimizing module uart_top.

33.9. Finished OPT passes. (There is nothing left to do.)

34. Executing MEMORY pass.

34.1. Executing OPT_MEM pass (optimize memories).
Performed a total of 0 transformations.

34.2. Executing OPT_MEM_PRIORITY pass (removing unnecessary memory write priority relations).
Performed a total of 0 transformations.

34.3. Executing OPT_MEM_FEEDBACK pass (finding memory read-to-write feedback paths).

34.4. Executing MEMORY_BMUX2ROM pass (converting muxes to ROMs).

34.5. Executing MEMORY_DFF pass (merging $dff cells to $memrd).

34.6. Executing OPT_CLEAN pass (remove unused cells and wires).
Finding unused cells or wires in module \uart_top..

34.7. Executing MEMORY_SHARE pass (consolidating $memrd/$memwr cells).

34.8. Executing OPT_MEM_WIDEN pass (optimize memories where all ports are wide).
Performed a total of 0 transformations.

34.9. Executing OPT_CLEAN pass (remove unused cells and wires).
Finding unused cells or wires in module \uart_top..

34.10. Executing MEMORY_COLLECT pass (generating $mem cells).

35. Executing OPT_CLEAN pass (remove unused cells and wires).
Finding unused cells or wires in module \uart_top..

36. Executing OPT pass (performing simple optimizations).

36.1. Executing OPT_EXPR pass (perform const folding).
Optimizing module uart_top.
<suppressed ~18 debug messages>

36.2. Executing OPT_MERGE pass (detect identical cells).
Finding identical cells in module `\uart_top'.
Removed a total of 0 cells.

36.3. Executing OPT_DFF pass (perform DFF optimizations).

36.4. Executing OPT_CLEAN pass (remove unused cells and wires).
Finding unused cells or wires in module \uart_top..
Removed 0 unused cells and 11 unused wires.
<suppressed ~1 debug messages>

36.5. Finished fast OPT passes.

37. Executing MEMORY_MAP pass (converting memories to logic and flip-flops).

38. Executing OPT pass (performing simple optimizations).

38.1. Executing OPT_EXPR pass (perform const folding).
Optimizing module uart_top.
<suppressed ~1 debug messages>

38.2. Executing OPT_MERGE pass (detect identical cells).
Finding identical cells in module `\uart_top'.
Removed a total of 0 cells.

38.3. Executing OPT_MUXTREE pass (detect dead branches in mux trees).
Running muxtree optimizer on module \uart_top..
  Creating internal representation of mux trees.
  Evaluating internal representation of mux trees.
  Analyzing evaluation results.
Removed 0 multiplexer ports.
<suppressed ~6 debug messages>

38.4. Executing OPT_REDUCE pass (consolidate $*mux and $reduce_* inputs).
  Optimizing cells in module \uart_top.
Performed a total of 0 changes.

38.5. Executing OPT_MERGE pass (detect identical cells).
Finding identical cells in module `\uart_top'.
Removed a total of 0 cells.

38.6. Executing OPT_SHARE pass.

38.7. Executing OPT_DFF pass (perform DFF optimizations).

38.8. Executing OPT_CLEAN pass (remove unused cells and wires).
Finding unused cells or wires in module \uart_top..

38.9. Executing OPT_EXPR pass (perform const folding).
Optimizing module uart_top.

38.10. Finished OPT passes. (There is nothing left to do.)

39. Executing TECHMAP pass (map to technology primitives).

39.1. Executing Verilog-2005 frontend: /build/bin/../share/yosys/techmap.v
Parsing Verilog input from `/build/bin/../share/yosys/techmap.v' to AST representation.
Generating RTLIL representation for module `\_90_simplemap_bool_ops'.
Generating RTLIL representation for module `\_90_simplemap_reduce_ops'.
Generating RTLIL representation for module `\_90_simplemap_logic_ops'.
Generating RTLIL representation for module `\_90_simplemap_compare_ops'.
Generating RTLIL representation for module `\_90_simplemap_various'.
Generating RTLIL representation for module `\_90_simplemap_registers'.
Generating RTLIL representation for module `\_90_shift_ops_shr_shl_sshl_sshr'.
Generating RTLIL representation for module `\_90_shift_shiftx'.
Generating RTLIL representation for module `\_90_fa'.
Generating RTLIL representation for module `\_90_lcu'.
Generating RTLIL representation for module `\_90_alu'.
Generating RTLIL representation for module `\_90_macc'.
Generating RTLIL representation for module `\_90_alumacc'.
Generating RTLIL representation for module `\$__div_mod_u'.
Generating RTLIL representation for module `\$__div_mod_trunc'.
Generating RTLIL representation for module `\_90_div'.
Generating RTLIL representation for module `\_90_mod'.
Generating RTLIL representation for module `\$__div_mod_floor'.
Generating RTLIL representation for module `\_90_divfloor'.
Generating RTLIL representation for module `\_90_modfloor'.
Generating RTLIL representation for module `\_90_pow'.
Generating RTLIL representation for module `\_90_pmux'.
Generating RTLIL representation for module `\_90_demux'.
Generating RTLIL representation for module `\_90_lut'.
Successfully finished Verilog frontend.

39.2. Continuing TECHMAP pass.
Using extmapper simplemap for cells of type $adff.
Using extmapper simplemap for cells of type $mux.
Using template $paramod$32a7b7b86c07519b7537abc18e96f0331f97914d\_90_alu for cells of type $alu.
Using extmapper simplemap for cells of type $eq.
Using extmapper simplemap for cells of type $reduce_and.
Using extmapper simplemap for cells of type $reduce_bool.
Using extmapper simplemap for cells of type $not.
Using extmapper simplemap for cells of type $adffe.
Using extmapper simplemap for cells of type $or.
Using extmapper simplemap for cells of type $logic_and.
Using extmapper simplemap for cells of type $logic_not.
Using extmapper simplemap for cells of type $ne.
Using extmapper simplemap for cells of type $and.
Using extmapper simplemap for cells of type $xor.
Using template $paramod\_90_lcu\WIDTH=32'00000000000000000000000000000100 for cells of type $lcu.
Using extmapper simplemap for cells of type $pos.
No more expansions possible.
<suppressed ~301 debug messages>

40. Executing OPT pass (performing simple optimizations).

40.1. Executing OPT_EXPR pass (perform const folding).
Optimizing module uart_top.
<suppressed ~84 debug messages>

40.2. Executing OPT_MERGE pass (detect identical cells).
Finding identical cells in module `\uart_top'.
<suppressed ~30 debug messages>
Removed a total of 10 cells.

40.3. Executing OPT_DFF pass (perform DFF optimizations).

40.4. Executing OPT_CLEAN pass (remove unused cells and wires).
Finding unused cells or wires in module \uart_top..
Removed 11 unused cells and 117 unused wires.
<suppressed ~12 debug messages>

40.5. Finished fast OPT passes.

41. Executing ABC pass (technology mapping using ABC).

41.1. Extracting gate netlist of module `\uart_top' to `<abc-temp-dir>/input.blif'..
Extracted 79 gates and 115 wires to a netlist network with 35 inputs and 31 outputs.

41.1.1. Executing ABC.
Running ABC command: "<yosys-exe-dir>/yosys-abc" -s -f <abc-temp-dir>/abc.script 2>&1
ABC: ABC command line: "source <abc-temp-dir>/abc.script".
ABC: 
ABC: + read_blif <abc-temp-dir>/input.blif 
ABC: + read_library <abc-temp-dir>/stdcells.genlib 
ABC: Entered genlib library with 13 gates from file "<abc-temp-dir>/stdcells.genlib".
ABC: + strash 
ABC: + dretime 
ABC: + map 
ABC: + write_blif <abc-temp-dir>/output.blif 

41.1.2. Re-integrating ABC results.
ABC RESULTS:               AND cells:        2
ABC RESULTS:               NOR cells:        3
ABC RESULTS:              XNOR cells:        2
ABC RESULTS:               XOR cells:        7
ABC RESULTS:               NOT cells:        2
ABC RESULTS:             ORNOT cells:        4
ABC RESULTS:                OR cells:        4
ABC RESULTS:               MUX cells:       10
ABC RESULTS:              NAND cells:        5
ABC RESULTS:            ANDNOT cells:       21
ABC RESULTS:        internal signals:       49
ABC RESULTS:           input signals:       35
ABC RESULTS:          output signals:       31
Removing temp directory.

42. Executing OPT pass (performing simple optimizations).

42.1. Executing OPT_EXPR pass (perform const folding).
Optimizing module uart_top.

42.2. Executing OPT_MERGE pass (detect identical cells).
Finding identical cells in module `\uart_top'.
Removed a total of 0 cells.

42.3. Executing OPT_DFF pass (perform DFF optimizations).

42.4. Executing OPT_CLEAN pass (remove unused cells and wires).
Finding unused cells or wires in module \uart_top..
Removed 0 unused cells and 84 unused wires.
<suppressed ~1 debug messages>

42.5. Finished fast OPT passes.

43. Executing HIERARCHY pass (managing design hierarchy).

43.1. Analyzing design hierarchy..
Top module:  \uart_top

43.2. Analyzing design hierarchy..
Top module:  \uart_top
Removed 0 unused modules.

44. Printing statistics.

=== uart_top ===

   Number of wires:                 92
   Number of wire bits:            138
   Number of public wires:          32
   Number of public wire bits:      78
   Number of memories:               0
   Number of memory bits:            0
   Number of processes:              0
   Number of cells:                 96
     $_ANDNOT_                      21
     $_AND_                          2
     $_DFFE_PP0P_                   19
     $_DFFE_PP1P_                   11
     $_DFF_PP0_                      6
     $_MUX_                         10
     $_NAND_                         5
     $_NOR_                          3
     $_NOT_                          2
     $_ORNOT_                        4
     $_OR_                           4
     $_XNOR_                         2
     $_XOR_                          7

45. Executing CHECK pass (checking for obvious problems).
Checking module uart_top...
Found and reported 0 problems.

46. Generating Graphviz representation of design.
Writing dot description to `/openlane/designs/uart/runs/RUN_2026.06.25_18.30.17/tmp/synthesis/post_techmap.dot'.
Dumping module uart_top to page 1.

47. Executing SHARE pass (SAT-based resource sharing).

48. Executing OPT pass (performing simple optimizations).

48.1. Executing OPT_EXPR pass (perform const folding).
Optimizing module uart_top.

48.2. Executing OPT_MERGE pass (detect identical cells).
Finding identical cells in module `\uart_top'.
Removed a total of 0 cells.

48.3. Executing OPT_MUXTREE pass (detect dead branches in mux trees).
Running muxtree optimizer on module \uart_top..
  Creating internal representation of mux trees.
  No muxes found in this module.
Removed 0 multiplexer ports.

48.4. Executing OPT_REDUCE pass (consolidate $*mux and $reduce_* inputs).
  Optimizing cells in module \uart_top.
Performed a total of 0 changes.

48.5. Executing OPT_MERGE pass (detect identical cells).
Finding identical cells in module `\uart_top'.
Removed a total of 0 cells.

48.6. Executing OPT_DFF pass (perform DFF optimizations).

48.7. Executing OPT_CLEAN pass (remove unused cells and wires).
Finding unused cells or wires in module \uart_top..

48.8. Executing OPT_EXPR pass (perform const folding).
Optimizing module uart_top.

48.9. Finished OPT passes. (There is nothing left to do.)

49. Executing OPT_CLEAN pass (remove unused cells and wires).
Finding unused cells or wires in module \uart_top..
Removed 0 unused cells and 17 unused wires.
<suppressed ~17 debug messages>

50. Printing statistics.

=== uart_top ===

   Number of wires:                 75
   Number of wire bits:            107
   Number of public wires:          15
   Number of public wire bits:      47
   Number of memories:               0
   Number of memory bits:            0
   Number of processes:              0
   Number of cells:                 96
     $_ANDNOT_                      21
     $_AND_                          2
     $_DFFE_PP0P_                   19
     $_DFFE_PP1P_                   11
     $_DFF_PP0_                      6
     $_MUX_                         10
     $_NAND_                         5
     $_NOR_                          3
     $_NOT_                          2
     $_ORNOT_                        4
     $_OR_                           4
     $_XNOR_                         2
     $_XOR_                          7

mapping tbuf

51. Executing TECHMAP pass (map to technology primitives).

51.1. Executing Verilog-2005 frontend: /home/nani/.ciel/sky130A/libs.tech/openlane/sky130_fd_sc_hd/tribuff_map.v
Parsing Verilog input from `/home/nani/.ciel/sky130A/libs.tech/openlane/sky130_fd_sc_hd/tribuff_map.v' to AST representation.
Generating RTLIL representation for module `\$_TBUF_'.
Successfully finished Verilog frontend.

51.2. Continuing TECHMAP pass.
No more expansions possible.
<suppressed ~3 debug messages>

52. Executing SIMPLEMAP pass (map simple cells to gate primitives).

53. Executing TECHMAP pass (map to technology primitives).

53.1. Executing Verilog-2005 frontend: /home/nani/.ciel/sky130A/libs.tech/openlane/sky130_fd_sc_hd/latch_map.v
Parsing Verilog input from `/home/nani/.ciel/sky130A/libs.tech/openlane/sky130_fd_sc_hd/latch_map.v' to AST representation.
Generating RTLIL representation for module `\$_DLATCH_P_'.
Generating RTLIL representation for module `\$_DLATCH_N_'.
Successfully finished Verilog frontend.

53.2. Continuing TECHMAP pass.
No more expansions possible.
<suppressed ~4 debug messages>

54. Executing SIMPLEMAP pass (map simple cells to gate primitives).

55. Executing DFFLIBMAP pass (mapping DFF cells to sequential cells from liberty file).
  cell sky130_fd_sc_hd__dfxtp_2 (noninv, pins=3, area=21.27) is a direct match for cell type $_DFF_P_.
  cell sky130_fd_sc_hd__dfrtp_2 (noninv, pins=4, area=26.28) is a direct match for cell type $_DFF_PN0_.
  cell sky130_fd_sc_hd__dfstp_2 (noninv, pins=4, area=26.28) is a direct match for cell type $_DFF_PN1_.
  cell sky130_fd_sc_hd__dfbbn_2 (noninv, pins=6, area=35.03) is a direct match for cell type $_DFFSR_NNN_.
  final dff cell mappings:
    unmapped dff cell: $_DFF_N_
    \sky130_fd_sc_hd__dfxtp_2 _DFF_P_ (.CLK( C), .D( D), .Q( Q));
    unmapped dff cell: $_DFF_NN0_
    unmapped dff cell: $_DFF_NN1_
    unmapped dff cell: $_DFF_NP0_
    unmapped dff cell: $_DFF_NP1_
    \sky130_fd_sc_hd__dfrtp_2 _DFF_PN0_ (.CLK( C), .D( D), .Q( Q), .RESET_B( R));
    \sky130_fd_sc_hd__dfstp_2 _DFF_PN1_ (.CLK( C), .D( D), .Q( Q), .SET_B( R));
    unmapped dff cell: $_DFF_PP0_
    unmapped dff cell: $_DFF_PP1_
    \sky130_fd_sc_hd__dfbbn_2 _DFFSR_NNN_ (.CLK_N( C), .D( D), .Q( Q), .Q_N(~Q), .RESET_B( R), .SET_B( S));
    unmapped dff cell: $_DFFSR_NNP_
    unmapped dff cell: $_DFFSR_NPN_
    unmapped dff cell: $_DFFSR_NPP_
    unmapped dff cell: $_DFFSR_PNN_
    unmapped dff cell: $_DFFSR_PNP_
    unmapped dff cell: $_DFFSR_PPN_
    unmapped dff cell: $_DFFSR_PPP_

55.1. Executing DFFLEGALIZE pass (convert FFs to types supported by the target).
Mapping DFF cells in module `\uart_top':
  mapped 25 $_DFF_PN0_ cells to \sky130_fd_sc_hd__dfrtp_2 cells.
  mapped 11 $_DFF_PN1_ cells to \sky130_fd_sc_hd__dfstp_2 cells.

56. Printing statistics.

=== uart_top ===

   Number of wires:                141
   Number of wire bits:            173
   Number of public wires:          15
   Number of public wire bits:      47
   Number of memories:               0
   Number of memory bits:            0
   Number of processes:              0
   Number of cells:                162
     $_ANDNOT_                      21
     $_AND_                          2
     $_MUX_                         40
     $_NAND_                         5
     $_NOR_                          3
     $_NOT_                         38
     $_ORNOT_                        4
     $_OR_                           4
     $_XNOR_                         2
     $_XOR_                          7
     sky130_fd_sc_hd__dfrtp_2       25
     sky130_fd_sc_hd__dfstp_2       11

[INFO]: USING STRATEGY AREA 0

57. Executing ABC pass (technology mapping using ABC).

57.1. Extracting gate netlist of module `\uart_top' to `/tmp/yosys-abc-W7k88r/input.blif'..
Extracted 126 gates and 171 wires to a netlist network with 45 inputs and 72 outputs.

57.1.1. Executing ABC.
Running ABC command: "/build/bin/yosys-abc" -s -f /tmp/yosys-abc-W7k88r/abc.script 2>&1
ABC: ABC command line: "source /tmp/yosys-abc-W7k88r/abc.script".
ABC: 
ABC: + read_blif /tmp/yosys-abc-W7k88r/input.blif 
ABC: + read_lib -w /openlane/designs/uart/runs/RUN_2026.06.25_18.30.17/tmp/synthesis/trimmed.lib 
ABC: Parsing finished successfully.  Parsing time =     0.05 sec
ABC: Scl_LibertyReadGenlib() skipped sequential cell "sky130_fd_sc_hd__dfbbn_2".
ABC: Scl_LibertyReadGenlib() skipped sequential cell "sky130_fd_sc_hd__dfrbp_2".
ABC: Scl_LibertyReadGenlib() skipped sequential cell "sky130_fd_sc_hd__dfrtp_2".
ABC: Scl_LibertyReadGenlib() skipped sequential cell "sky130_fd_sc_hd__dfrtp_4".
ABC: Scl_LibertyReadGenlib() skipped sequential cell "sky130_fd_sc_hd__dfsbp_2".
ABC: Scl_LibertyReadGenlib() skipped sequential cell "sky130_fd_sc_hd__dfstp_2".
ABC: Scl_LibertyReadGenlib() skipped sequential cell "sky130_fd_sc_hd__dfstp_4".
ABC: Scl_LibertyReadGenlib() skipped sequential cell "sky130_fd_sc_hd__dfxbp_2".
ABC: Scl_LibertyReadGenlib() skipped sequential cell "sky130_fd_sc_hd__dfxtp_2".
ABC: Scl_LibertyReadGenlib() skipped sequential cell "sky130_fd_sc_hd__dfxtp_4".
ABC: Scl_LibertyReadGenlib() skipped sequential cell "sky130_fd_sc_hd__dlxtn_1".
ABC: Scl_LibertyReadGenlib() skipped sequential cell "sky130_fd_sc_hd__dlxtn_2".
ABC: Scl_LibertyReadGenlib() skipped sequential cell "sky130_fd_sc_hd__dlxtn_4".
ABC: Scl_LibertyReadGenlib() skipped sequential cell "sky130_fd_sc_hd__dlxtp_1".
ABC: Scl_LibertyReadGenlib() skipped three-state cell "sky130_fd_sc_hd__ebufn_2".
ABC: Scl_LibertyReadGenlib() skipped three-state cell "sky130_fd_sc_hd__ebufn_4".
ABC: Scl_LibertyReadGenlib() skipped three-state cell "sky130_fd_sc_hd__ebufn_8".
ABC: Library "sky130A_merged" from "/openlane/designs/uart/runs/RUN_2026.06.25_18.30.17/tmp/synthesis/trimmed.lib" has 175 cells (17 skipped: 14 seq; 3 tri-state; 0 no func; 0 dont_use).  Time =     0.07 sec
ABC: Memory =    9.54 MB. Time =     0.07 sec
ABC: Warning: Detected 2 multi-output gates (for example, "sky130_fd_sc_hd__fa_1").
ABC: + read_constr -v /openlane/designs/uart/runs/RUN_2026.06.25_18.30.17/tmp/synthesis/synthesis.sdc 
ABC: Setting driving cell to be "sky130_fd_sc_hd__inv_2".
ABC: Setting output load to be 33.442001.
ABC: + read_constr /openlane/designs/uart/runs/RUN_2026.06.25_18.30.17/tmp/synthesis/synthesis.sdc 
ABC: + fx 
ABC: + mfs 
ABC: + strash 
ABC: + refactor 
ABC: + balance 
ABC: + rewrite 
ABC: + refactor 
ABC: + balance 
ABC: + rewrite 
ABC: + rewrite -z 
ABC: + balance 
ABC: + refactor -z 
ABC: + rewrite -z 
ABC: + balance 
ABC: + retime -D -D 10000 -M 5 
ABC: + scleanup 
ABC: Error: The network is combinational.
ABC: + fraig_store 
ABC: + balance 
ABC: + fraig_store 
ABC: + balance 
ABC: + rewrite 
ABC: + refactor 
ABC: + balance 
ABC: + rewrite 
ABC: + rewrite -z 
ABC: + balance 
ABC: + refactor -z 
ABC: + rewrite -z 
ABC: + balance 
ABC: + fraig_store 
ABC: + balance 
ABC: + rewrite 
ABC: + refactor 
ABC: + balance 
ABC: + rewrite 
ABC: + rewrite -z 
ABC: + balance 
ABC: + refactor -z 
ABC: + rewrite -z 
ABC: + balance 
ABC: + fraig_store 
ABC: + balance 
ABC: + rewrite 
ABC: + refactor 
ABC: + balance 
ABC: + rewrite 
ABC: + rewrite -z 
ABC: + balance 
ABC: + refactor -z 
ABC: + rewrite -z 
ABC: + balance 
ABC: + fraig_store 
ABC: + fraig_restore 
ABC: + amap -m -Q 0.1 -F 20 -A 20 -C 5000 
ABC: + retime -D -D 10000 
ABC: + &get -n 
ABC: + &st 
ABC: + &dch 
ABC: + &nf 
ABC: + &put 
ABC: + buffer -N 10 -S 750.0 
ABC: + upsize -D 10000 
ABC: Current delay (984.34 ps) does not exceed the target delay (10000.00 ps). Upsizing is not performed.
ABC: + dnsize -D 10000 
ABC: + stime -p 
ABC: WireLoad = "none"  Gates =    126 ( 42.9 %)   Cap = 18.5 ff (  7.3 %)   Area =      859.57 ( 56.3 %)   Delay =  1161.94 ps  (  4.0 %)               
ABC: Path  0 --       6 : 0    8 pi                       A =   0.00  Df =  61.3  -33.4 ps  S =  91.5 ps  Cin =  0.0 ff  Cout =  18.7 ff  Cmax =   0.0 ff  G =    0  
ABC: Path  1 --     120 : 2    2 sky130_fd_sc_hd__nand2_2 A =   6.26  Df = 122.5  -30.1 ps  S =  49.5 ps  Cin =  4.4 ff  Cout =   5.5 ff  Cmax = 295.7 ff  G =  120  
ABC: Path  2 --     122 : 1   10 sky130_fd_sc_hd__buf_1   A =   3.75  Df = 407.4  -88.3 ps  S = 382.0 ps  Cin =  2.1 ff  Cout =  32.1 ff  Cmax = 130.0 ff  G = 1454  
ABC: Path  3 --     123 : 3    3 sky130_fd_sc_hd__nor3_2  A =  10.01  Df = 843.4 -243.1 ps  S = 638.7 ps  Cin =  4.4 ff  Cout =  37.4 ff  Cmax =  92.5 ff  G =  851  
ABC: Path  4 --     134 : 3    1 sky130_fd_sc_hd__o21ba_2 A =  10.01  Df =1161.9 -169.0 ps  S = 202.0 ps  Cin =  2.1 ff  Cout =  33.4 ff  Cmax = 264.6 ff  G = 1630  
ABC: Start-point = pi5 (\bg.baud_tick).  End-point = po4 ($auto$rtlil.cc:2607:MuxGate$676).
ABC: + print_stats -m 
ABC: netlist                       : i/o =   45/   72  lat =    0  nd =   126  edge =    268  area =859.48  delay = 5.00  lev = 5
ABC: + write_blif /tmp/yosys-abc-W7k88r/output.blif 

57.1.2. Re-integrating ABC results.
ABC RESULTS:   sky130_fd_sc_hd__nand3_2 cells:        1
ABC RESULTS:   sky130_fd_sc_hd__or2b_2 cells:        1
ABC RESULTS:   sky130_fd_sc_hd__or3_2 cells:        1
ABC RESULTS:   sky130_fd_sc_hd__a21bo_2 cells:        1
ABC RESULTS:   sky130_fd_sc_hd__and2b_2 cells:        1
ABC RESULTS:   sky130_fd_sc_hd__o21ba_2 cells:        2
ABC RESULTS:   sky130_fd_sc_hd__o21ai_2 cells:        1
ABC RESULTS:   sky130_fd_sc_hd__nor2b_2 cells:        1
ABC RESULTS:   sky130_fd_sc_hd__o221a_2 cells:        5
ABC RESULTS:   sky130_fd_sc_hd__a21o_2 cells:        4
ABC RESULTS:   sky130_fd_sc_hd__a22o_2 cells:        6
ABC RESULTS:   sky130_fd_sc_hd__and4_2 cells:        1
ABC RESULTS:   sky130_fd_sc_hd__nor3_2 cells:        2
ABC RESULTS:   sky130_fd_sc_hd__a21oi_2 cells:        2
ABC RESULTS:   sky130_fd_sc_hd__nand2_2 cells:        5
ABC RESULTS:   sky130_fd_sc_hd__or2_2 cells:        7
ABC RESULTS:   sky130_fd_sc_hd__a32o_2 cells:        1
ABC RESULTS:   sky130_fd_sc_hd__mux2_2 cells:       11
ABC RESULTS:   sky130_fd_sc_hd__and4bb_2 cells:        2
ABC RESULTS:   sky130_fd_sc_hd__and2_2 cells:        3
ABC RESULTS:   sky130_fd_sc_hd__and3_2 cells:        2
ABC RESULTS:   sky130_fd_sc_hd__nor2_2 cells:        4
ABC RESULTS:   sky130_fd_sc_hd__o21a_2 cells:        7
ABC RESULTS:   sky130_fd_sc_hd__xor2_2 cells:        1
ABC RESULTS:   sky130_fd_sc_hd__buf_1 cells:       16
ABC RESULTS:   sky130_fd_sc_hd__inv_2 cells:       38
ABC RESULTS:        internal signals:       54
ABC RESULTS:           input signals:       45
ABC RESULTS:          output signals:       72
Removing temp directory.

58. Executing SETUNDEF pass (replace undef values with defined constants).

59. Executing HILOMAP pass (mapping to constant drivers).

60. Executing SPLITNETS pass (splitting up multi-bit signals).

61. Executing OPT_CLEAN pass (remove unused cells and wires).
Finding unused cells or wires in module \uart_top..
Removed 0 unused cells and 171 unused wires.
<suppressed ~1 debug messages>

62. Executing INSBUF pass (insert buffer cells for connected wires).

63. Executing CHECK pass (checking for obvious problems).
Checking module uart_top...
Warning: Wire uart_top.\tx_done is used but has no driver.
Warning: Wire uart_top.\tx is used but has no driver.
Warning: Wire uart_top.\rx_done is used but has no driver.
Warning: Wire uart_top.\rx_data [7] is used but has no driver.
Warning: Wire uart_top.\rx_data [6] is used but has no driver.
Warning: Wire uart_top.\rx_data [5] is used but has no driver.
Warning: Wire uart_top.\rx_data [4] is used but has no driver.
Warning: Wire uart_top.\rx_data [3] is used but has no driver.
Warning: Wire uart_top.\rx_data [2] is used but has no driver.
Warning: Wire uart_top.\rx_data [1] is used but has no driver.
Warning: Wire uart_top.\rx_data [0] is used but has no driver.
Found and reported 11 problems.

64. Printing statistics.

=== uart_top ===

   Number of wires:                159
   Number of wire bits:            173
   Number of public wires:          33
   Number of public wire bits:      47
   Number of memories:               0
   Number of memory bits:            0
   Number of processes:              0
   Number of cells:                162
     sky130_fd_sc_hd__a21bo_2        1
     sky130_fd_sc_hd__a21o_2         4
     sky130_fd_sc_hd__a21oi_2        2
     sky130_fd_sc_hd__a22o_2         6
     sky130_fd_sc_hd__a32o_2         1
     sky130_fd_sc_hd__and2_2         3
     sky130_fd_sc_hd__and2b_2        1
     sky130_fd_sc_hd__and3_2         2
     sky130_fd_sc_hd__and4_2         1
     sky130_fd_sc_hd__and4bb_2       2
     sky130_fd_sc_hd__buf_1         16
     sky130_fd_sc_hd__dfrtp_2       25
     sky130_fd_sc_hd__dfstp_2       11
     sky130_fd_sc_hd__inv_2         38
     sky130_fd_sc_hd__mux2_2        11
     sky130_fd_sc_hd__nand2_2        5
     sky130_fd_sc_hd__nand3_2        1
     sky130_fd_sc_hd__nor2_2         4
     sky130_fd_sc_hd__nor2b_2        1
     sky130_fd_sc_hd__nor3_2         2
     sky130_fd_sc_hd__o21a_2         7
     sky130_fd_sc_hd__o21ai_2        1
     sky130_fd_sc_hd__o21ba_2        2
     sky130_fd_sc_hd__o221a_2        5
     sky130_fd_sc_hd__or2_2          7
     sky130_fd_sc_hd__or2b_2         1
     sky130_fd_sc_hd__or3_2          1
     sky130_fd_sc_hd__xor2_2         1

   Chip area for module '\uart_top': 1805.481600

65. Executing Verilog backend.
Dumping module `\uart_top'.

Warnings: 11 unique messages, 11 total
End of script. Logfile hash: 446cbbd4c4, CPU: user 0.33s system 0.02s, MEM: 28.50 MB peak
Yosys 0.30+48 (git sha1 14d50a176d5, gcc 8.3.1 -fPIC -Os)
Time spent: 46% 2x abc (0 sec), 18% 4x stat (0 sec), ...
