Thu Jun 25 18:30:17 UTC 2026 - Executing "openroad -exit -no_init -python /openlane/scripts/odbpy/lefutil.py get_metal_layers -o /openlane/designs/uart/runs/RUN_2026.06.25_18.30.17/tmp/layers.list /home/nani/.ciel/sky130A/libs.ref/sky130_fd_sc_hd/techlef/sky130_fd_sc_hd__nom.tlef"

Thu Jun 25 18:30:18 UTC 2026 - Executing "/openlane/scripts/mergeLef.py -o /openlane/designs/uart/runs/RUN_2026.06.25_18.30.17/tmp/merged.nom.lef -i /home/nani/.ciel/sky130A/libs.ref/sky130_fd_sc_hd/techlef/sky130_fd_sc_hd__nom.tlef {/home/nani/.ciel/sky130A/libs.ref/sky130_fd_sc_hd/lef/sky130_fd_sc_hd.lef /home/nani/.ciel/sky130A/libs.ref/sky130_fd_sc_hd/lef/sky130_ef_sc_hd.lef} |& tee /dev/null"

Thu Jun 25 18:30:18 UTC 2026 - Executing "/openlane/scripts/mergeLef.py -o /openlane/designs/uart/runs/RUN_2026.06.25_18.30.17/tmp/merged.min.lef -i /home/nani/.ciel/sky130A/libs.ref/sky130_fd_sc_hd/techlef/sky130_fd_sc_hd__min.tlef {/home/nani/.ciel/sky130A/libs.ref/sky130_fd_sc_hd/lef/sky130_fd_sc_hd.lef /home/nani/.ciel/sky130A/libs.ref/sky130_fd_sc_hd/lef/sky130_ef_sc_hd.lef} |& tee /dev/null"

Thu Jun 25 18:30:18 UTC 2026 - Executing "/openlane/scripts/mergeLef.py -o /openlane/designs/uart/runs/RUN_2026.06.25_18.30.17/tmp/merged.max.lef -i /home/nani/.ciel/sky130A/libs.ref/sky130_fd_sc_hd/techlef/sky130_fd_sc_hd__max.tlef {/home/nani/.ciel/sky130A/libs.ref/sky130_fd_sc_hd/lef/sky130_fd_sc_hd.lef /home/nani/.ciel/sky130A/libs.ref/sky130_fd_sc_hd/lef/sky130_ef_sc_hd.lef} |& tee /dev/null"

Thu Jun 25 18:30:18 UTC 2026 - Executing "python3 /openlane/scripts/mergeLib.py --output /openlane/designs/uart/runs/RUN_2026.06.25_18.30.17/tmp/synthesis/merged.lib --name sky130A_merged /home/nani/.ciel/sky130A/libs.ref/sky130_fd_sc_hd/lib/sky130_fd_sc_hd__tt_025C_1v80.lib"

Thu Jun 25 18:30:18 UTC 2026 - Executing "python3 /openlane/scripts/libtrim.py --cell-file /openlane/designs/uart/runs/RUN_2026.06.25_18.30.17/tmp/synthesis/trimmed.lib.exclude.list --output /openlane/designs/uart/runs/RUN_2026.06.25_18.30.17/tmp/synthesis/trimmed.lib /openlane/designs/uart/runs/RUN_2026.06.25_18.30.17/tmp/synthesis/merged.lib"

Thu Jun 25 18:30:18 UTC 2026 - Executing "python3 /openlane/scripts/libtrim.py --cell-file /openlane/designs/uart/runs/RUN_2026.06.25_18.30.17/tmp/cts/cts.lib.exclude.list --output /openlane/designs/uart/runs/RUN_2026.06.25_18.30.17/tmp/cts/cts.lib /home/nani/.ciel/sky130A/libs.ref/sky130_fd_sc_hd/lib/sky130_fd_sc_hd__tt_025C_1v80.lib"

Thu Jun 25 18:30:19 UTC 2026 - Executing "python3 /openlane/scripts/libtrim.py --cell-file /openlane/designs/uart/runs/RUN_2026.06.25_18.30.17/tmp/cts/cts-fastest.lib.exclude.list --output /openlane/designs/uart/runs/RUN_2026.06.25_18.30.17/tmp/cts/cts-fastest.lib /home/nani/.ciel/sky130A/libs.ref/sky130_fd_sc_hd/lib/sky130_fd_sc_hd__ff_n40C_1v95.lib"

Thu Jun 25 18:30:19 UTC 2026 - Executing "python3 /openlane/scripts/libtrim.py --cell-file /openlane/designs/uart/runs/RUN_2026.06.25_18.30.17/tmp/cts/cts-slowest.lib.exclude.list --output /openlane/designs/uart/runs/RUN_2026.06.25_18.30.17/tmp/cts/cts-slowest.lib /home/nani/.ciel/sky130A/libs.ref/sky130_fd_sc_hd/lib/sky130_fd_sc_hd__ss_100C_1v60.lib"

Thu Jun 25 18:30:19 UTC 2026 - Executing "python3 /openlane/scripts/new_tracks.py -i /home/nani/.ciel/sky130A/libs.tech/openlane/sky130_fd_sc_hd/tracks.info -o /openlane/designs/uart/runs/RUN_2026.06.25_18.30.17/tmp/routing/config.tracks"

Thu Jun 25 18:30:19 UTC 2026 - Executing "echo {OpenLane ff5509f65b17bfa4068d5336495ab1718987ff69} > /openlane/designs/uart/runs/RUN_2026.06.25_18.30.17/OPENLANE_COMMIT"

Thu Jun 25 18:30:24 UTC 2026 - Executing "sed -E {s/^([[:space:]]+)pg_pin(.*)/\1pin\2\n\1    direction : "inout";/g} /home/nani/.ciel/sky130A/libs.ref/sky130_fd_sc_hd/lib/sky130_fd_sc_hd__tt_025C_1v80.lib > /openlane/designs/uart/runs/RUN_2026.06.25_18.30.17/tmp/synthesis/1-sky130_fd_sc_hd__tt_025C_1v80.no_pg.lib"

Thu Jun 25 18:30:24 UTC 2026 - Executing "sed -E {s/^([[:space:]]+)pg_pin(.*)/\1pin\2\n\1    direction : "inout";/g} /openlane/designs/uart/runs/RUN_2026.06.25_18.30.17/tmp/synthesis/trimmed.lib > /openlane/designs/uart/runs/RUN_2026.06.25_18.30.17/tmp/synthesis/1-trimmed.no_pg.lib"

Thu Jun 25 18:30:24 UTC 2026 - Executing "yosys -c /openlane/scripts/yosys/synth.tcl |& tee /dev/null /openlane/designs/uart/runs/RUN_2026.06.25_18.30.17/logs/synthesis/1-synthesis.log"

Thu Jun 25 18:30:25 UTC 2026 - Executing "sed -i.bak -e {s/\(set ::env(CURRENT_NETLIST)\).*/\1 \/openlane\/designs\/uart\/runs\/RUN_2026.06.25_18.30.17\/results\/synthesis\/uart_top.v/} /openlane/designs/uart/runs/RUN_2026.06.25_18.30.17/config.tcl"

Thu Jun 25 18:30:25 UTC 2026 - Executing "sed -i.bak /defparam/d /openlane/designs/uart/runs/RUN_2026.06.25_18.30.17/results/synthesis/uart_top.v"

Thu Jun 25 18:30:25 UTC 2026 - Executing "sta -exit -no_init /openlane/scripts/openroad/sta/multi_corner.tcl |& tee /dev/null /openlane/designs/uart/runs/RUN_2026.06.25_18.30.17/logs/synthesis/2-sta.log"

Thu Jun 25 18:30:33 UTC 2026 - Executing "openroad -exit /openlane/scripts/openroad/floorplan.tcl |& tee /dev/null /openlane/designs/uart/runs/RUN_2026.06.25_18.30.17/logs/floorplan/3-initial_fp.log"

Thu Jun 25 18:30:33 UTC 2026 - Executing "openroad -exit -no_init -python /openlane/scripts/odbpy/snap_to_grid.py --output /openlane/designs/uart/runs/RUN_2026.06.25_18.30.17/tmp/floorplan/3-minimized_pdn.txt --input-lef /openlane/designs/uart/runs/RUN_2026.06.25_18.30.17/tmp/merged.nom.lef 6.324999999999999 6.12 12.649999999999999 12.24"

Thu Jun 25 18:30:34 UTC 2026 - Executing "openroad -exit -no_init -python /openlane/scripts/odbpy/defutil.py extract_core_dims --output-data /openlane/designs/uart/runs/RUN_2026.06.25_18.30.17/tmp/dimensions.txt --input-lef /openlane/designs/uart/runs/RUN_2026.06.25_18.30.17/tmp/merged.nom.lef /openlane/designs/uart/runs/RUN_2026.06.25_18.30.17/tmp/floorplan/3-initial_fp.def"

Thu Jun 25 18:30:34 UTC 2026 - Executing "openroad -exit /openlane/scripts/openroad/ioplacer.tcl |& tee /dev/null /openlane/designs/uart/runs/RUN_2026.06.25_18.30.17/logs/floorplan/4-io.log"

Thu Jun 25 18:30:35 UTC 2026 - Executing "openroad -exit /openlane/scripts/openroad/tapcell.tcl |& tee /dev/null /openlane/designs/uart/runs/RUN_2026.06.25_18.30.17/logs/floorplan/5-tap.log"

Thu Jun 25 18:30:35 UTC 2026 - Executing "openroad -exit /openlane/scripts/openroad/pdn.tcl |& tee /dev/null /openlane/designs/uart/runs/RUN_2026.06.25_18.30.17/logs/floorplan/6-pdn.log"

Thu Jun 25 18:30:43 UTC 2026 - Executing "openroad -exit /openlane/scripts/openroad/gpl.tcl |& tee /dev/null /openlane/designs/uart/runs/RUN_2026.06.25_18.30.17/logs/placement/7-global.log"

Thu Jun 25 18:30:44 UTC 2026 - Executing "sed -i.bak -e {s/\(set ::env(CURRENT_NETLIST)\).*/\1 \/openlane\/designs\/uart\/runs\/RUN_2026.06.25_18.30.17\/tmp\/placement\/7-global.nl.v/} /openlane/designs/uart/runs/RUN_2026.06.25_18.30.17/config.tcl"

Thu Jun 25 18:30:44 UTC 2026 - Executing "openroad -exit /openlane/scripts/openroad/sta/multi_corner.tcl |& tee /dev/null /openlane/designs/uart/runs/RUN_2026.06.25_18.30.17/logs/placement/8-gpl_sta.log"

Thu Jun 25 18:30:45 UTC 2026 - Executing "openroad -exit /openlane/scripts/openroad/resizer.tcl |& tee /dev/null /openlane/designs/uart/runs/RUN_2026.06.25_18.30.17/logs/placement/9-resizer.log"

Thu Jun 25 18:30:46 UTC 2026 - Executing "sed -i.bak -e {s/\(set ::env(CURRENT_NETLIST)\).*/\1 \/openlane\/designs\/uart\/runs\/RUN_2026.06.25_18.30.17\/tmp\/placement\/9-resizer.nl.v/} /openlane/designs/uart/runs/RUN_2026.06.25_18.30.17/config.tcl"

Thu Jun 25 18:30:46 UTC 2026 - Executing "openroad -exit /openlane/scripts/openroad/dpl.tcl |& tee /dev/null /openlane/designs/uart/runs/RUN_2026.06.25_18.30.17/logs/placement/10-detailed.log"

Thu Jun 25 18:30:46 UTC 2026 - Executing "sed -i.bak -e {s/\(set ::env(CURRENT_NETLIST)\).*/\1 \/openlane\/designs\/uart\/runs\/RUN_2026.06.25_18.30.17\/results\/placement\/uart_top.nl.v/} /openlane/designs/uart/runs/RUN_2026.06.25_18.30.17/config.tcl"

Thu Jun 25 18:30:46 UTC 2026 - Executing "openroad -exit /openlane/scripts/openroad/sta/multi_corner.tcl |& tee /dev/null /openlane/designs/uart/runs/RUN_2026.06.25_18.30.17/logs/placement/11-dpl_sta.log"

Thu Jun 25 18:30:52 UTC 2026 - Executing "openroad -exit /openlane/scripts/openroad/cts.tcl |& tee /dev/null /openlane/designs/uart/runs/RUN_2026.06.25_18.30.17/logs/cts/12-cts.log"

Thu Jun 25 18:31:14 UTC 2026 - Executing "openroad -exit /openlane/scripts/openroad/sta/multi_corner.tcl |& tee /dev/null /openlane/designs/uart/runs/RUN_2026.06.25_18.30.17/logs/cts/13-cts_sta.log"

Thu Jun 25 18:31:27 UTC 2026 - Executing "openroad -exit /openlane/scripts/openroad/resizer_routing_design.tcl |& tee /dev/null /openlane/designs/uart/runs/RUN_2026.06.25_18.30.17/logs/routing/14-resizer_design.log"

Thu Jun 25 18:31:28 UTC 2026 - Executing "sed -i.bak -e {s/\(set ::env(CURRENT_NETLIST)\).*/\1 \/openlane\/designs\/uart\/runs\/RUN_2026.06.25_18.30.17\/tmp\/14-uart_top.nl.v/} /openlane/designs/uart/runs/RUN_2026.06.25_18.30.17/config.tcl"

Thu Jun 25 18:31:28 UTC 2026 - Executing "openroad -exit /openlane/scripts/openroad/sta/multi_corner.tcl |& tee /dev/null /openlane/designs/uart/runs/RUN_2026.06.25_18.30.17/logs/routing/15-rsz_design_sta.log"

Thu Jun 25 18:31:28 UTC 2026 - Executing "openroad -exit /openlane/scripts/openroad/resizer_routing_timing.tcl |& tee /dev/null /openlane/designs/uart/runs/RUN_2026.06.25_18.30.17/logs/routing/16-resizer_timing.log"

Thu Jun 25 18:31:29 UTC 2026 - Executing "sed -i.bak -e {s/\(set ::env(CURRENT_NETLIST)\).*/\1 \/openlane\/designs\/uart\/runs\/RUN_2026.06.25_18.30.17\/tmp\/16-uart_top.nl.v/} /openlane/designs/uart/runs/RUN_2026.06.25_18.30.17/config.tcl"

Thu Jun 25 18:31:30 UTC 2026 - Executing "openroad -exit /openlane/scripts/openroad/sta/multi_corner.tcl |& tee /dev/null /openlane/designs/uart/runs/RUN_2026.06.25_18.30.17/logs/routing/17-rsz_timing_sta.log"

Thu Jun 25 18:31:30 UTC 2026 - Executing "openroad -exit /openlane/scripts/openroad/groute.tcl |& tee /dev/null /openlane/designs/uart/runs/RUN_2026.06.25_18.30.17/logs/routing/18-global.log"

Thu Jun 25 18:31:31 UTC 2026 - Executing "openroad -exit /openlane/scripts/openroad/write_views.tcl |& tee /dev/null /openlane/designs/uart/runs/RUN_2026.06.25_18.30.17/logs/routing/18-global_write_netlist.log"

Thu Jun 25 18:31:31 UTC 2026 - Executing "sed -i.bak -e {s/\(set ::env(CURRENT_NETLIST)\).*/\1 \/openlane\/designs\/uart\/runs\/RUN_2026.06.25_18.30.17\/tmp\/routing\/global.nl.v/} /openlane/designs/uart/runs/RUN_2026.06.25_18.30.17/config.tcl"

Thu Jun 25 18:31:31 UTC 2026 - Executing "openroad -exit /openlane/scripts/openroad/sta/multi_corner.tcl |& tee /dev/null /openlane/designs/uart/runs/RUN_2026.06.25_18.30.17/logs/routing/20-grt_sta.log"

Thu Jun 25 18:31:32 UTC 2026 - Executing "openroad -exit /openlane/scripts/openroad/fill.tcl |& tee /dev/null /openlane/designs/uart/runs/RUN_2026.06.25_18.30.17/logs/routing/21-fill.log"

Thu Jun 25 18:31:32 UTC 2026 - Executing "sed -i.bak -e {s/\(set ::env(CURRENT_NETLIST)\).*/\1 \/openlane\/designs\/uart\/runs\/RUN_2026.06.25_18.30.17\/tmp\/routing\/21-fill.nl.v/} /openlane/designs/uart/runs/RUN_2026.06.25_18.30.17/config.tcl"

Thu Jun 25 18:31:32 UTC 2026 - Executing "openroad -exit /openlane/scripts/openroad/droute.tcl |& tee /dev/null /openlane/designs/uart/runs/RUN_2026.06.25_18.30.17/logs/routing/22-detailed.log"

Thu Jun 25 18:31:44 UTC 2026 - Executing "sed -i.bak -e {s/\(set ::env(CURRENT_NETLIST)\).*/\1 \/openlane\/designs\/uart\/runs\/RUN_2026.06.25_18.30.17\/results\/routing\/uart_top.nl.v/} /openlane/designs/uart/runs/RUN_2026.06.25_18.30.17/config.tcl"

Thu Jun 25 18:31:44 UTC 2026 - Executing "python3 /openlane/scripts/drc_rosetta.py tr to_klayout -o /openlane/designs/uart/runs/RUN_2026.06.25_18.30.17/reports/routing/drt.klayout.xml --design-name uart_top /openlane/designs/uart/runs/RUN_2026.06.25_18.30.17/reports/routing/drt.drc"

Thu Jun 25 18:31:45 UTC 2026 - Executing "openroad -exit -no_init -python /openlane/scripts/odbpy/wire_lengths.py --report-out /openlane/designs/uart/runs/RUN_2026.06.25_18.30.17/reports/routing/23-wire_lengths.csv --input-lef /openlane/designs/uart/runs/RUN_2026.06.25_18.30.17/tmp/merged.nom.lef --output-def /dev/null --output /openlane/designs/uart/runs/RUN_2026.06.25_18.30.17/results/routing/uart_top.odb /openlane/designs/uart/runs/RUN_2026.06.25_18.30.17/results/routing/uart_top.odb |& tee /dev/null /openlane/designs/uart/runs/RUN_2026.06.25_18.30.17/logs/routing/23-wire_lengths.log"

Thu Jun 25 18:31:48 UTC 2026 - Executing "magic -noconsole -dnull -rcfile /home/nani/.ciel/sky130A/libs.tech/magic/sky130A.magicrc < /openlane/scripts/magic/wrapper.tcl |& tee /dev/null /openlane/designs/uart/runs/RUN_2026.06.25_18.30.17/logs/signoff/24-gdsii.log"

Thu Jun 25 18:31:49 UTC 2026 - Executing "magic -noconsole -dnull -rcfile /home/nani/.ciel/sky130A/libs.tech/magic/sky130A.magicrc < /openlane/scripts/magic/wrapper.tcl |& tee /dev/null /openlane/designs/uart/runs/RUN_2026.06.25_18.30.17/logs/signoff/24-gds_ptrs.log"

Thu Jun 25 18:31:49 UTC 2026 - Executing "sed -i.bak -n {/^<< properties >>/,/^<< end >>/p} /openlane/designs/uart/runs/RUN_2026.06.25_18.30.17/tmp/signoff/gds_ptrs.mag"

Thu Jun 25 18:31:49 UTC 2026 - Executing "magic -noconsole -dnull -rcfile /home/nani/.ciel/sky130A/libs.tech/magic/sky130A.magicrc < /openlane/scripts/magic/wrapper.tcl |& tee /dev/null /openlane/designs/uart/runs/RUN_2026.06.25_18.30.17/logs/signoff/24-lef.log"

Thu Jun 25 18:31:50 UTC 2026 - Executing "magic -noconsole -dnull -rcfile /home/nani/.ciel/sky130A/libs.tech/magic/sky130A.magicrc < /openlane/scripts/magic/wrapper.tcl |& tee /dev/null /openlane/designs/uart/runs/RUN_2026.06.25_18.30.17/logs/signoff/24-maglef.log"

Thu Jun 25 18:31:56 UTC 2026 - Executing "magic -noconsole -dnull -rcfile /home/nani/.ciel/sky130A/libs.tech/magic/sky130A.magicrc < /openlane/scripts/magic/wrapper.tcl |& tee /dev/null /openlane/designs/uart/runs/RUN_2026.06.25_18.30.17/logs/signoff/25-spice.log"

Thu Jun 25 18:32:04 UTC 2026 - Executing "python3 /openlane/scripts/klayout/stream_out.py --output /openlane/designs/uart/runs/RUN_2026.06.25_18.30.17/results/signoff/uart_top.klayout.gds --lyt /home/nani/.ciel/sky130A/libs.tech/klayout/tech/sky130A.lyt --lym /home/nani/.ciel/sky130A/libs.tech/klayout/tech/sky130A.map --lyp /home/nani/.ciel/sky130A/libs.tech/klayout/tech/sky130A.lyp --top uart_top --with-gds-file /home/nani/.ciel/sky130A/libs.ref/sky130_fd_sc_hd/gds/sky130_fd_sc_hd.gds --input-lef /openlane/designs/uart/runs/RUN_2026.06.25_18.30.17/tmp/merged.nom.lef /openlane/designs/uart/runs/RUN_2026.06.25_18.30.17/results/routing/uart_top.def |& tee /dev/null /openlane/designs/uart/runs/RUN_2026.06.25_18.30.17/logs/signoff/26-gdsii-klayout.log"

