[INFO]: Run Directory: /openlane/designs/uart/runs/RUN_2026.06.25_18.30.17
[INFO]: Saving runtime environment...
[INFO]: Preparing LEF files for the nom corner...
[INFO]: Preparing LEF files for the min corner...
[INFO]: Preparing LEF files for the max corner...
[INFO]: Running Synthesis (log: designs/uart/runs/RUN_2026.06.25_18.30.17/logs/synthesis/1-synthesis.log)...
[INFO]: Running Single-Corner Static Timing Analysis (log: designs/uart/runs/RUN_2026.06.25_18.30.17/logs/synthesis/2-sta.log)...
[INFO]: Running Initial Floorplanning (log: designs/uart/runs/RUN_2026.06.25_18.30.17/logs/floorplan/3-initial_fp.log)...
[WARNING]: Current core area is too small for the power grid settings chosen. The power grid will be scaled down.
[INFO]: Floorplanned with width 50.6 and height 48.96.
[INFO]: Running IO Placement...
[INFO]: Running Tap/Decap Insertion (log: designs/uart/runs/RUN_2026.06.25_18.30.17/logs/floorplan/5-tap.log)...
[INFO]: Power planning with power {VPWR} and ground {VGND}...
[INFO]: Generating PDN (log: designs/uart/runs/RUN_2026.06.25_18.30.17/logs/floorplan/6-pdn.log)...
[INFO]: Running Global Placement (log: designs/uart/runs/RUN_2026.06.25_18.30.17/logs/placement/7-global.log)...
[INFO]: Running Single-Corner Static Timing Analysis (log: designs/uart/runs/RUN_2026.06.25_18.30.17/logs/placement/8-gpl_sta.log)...
[INFO]: Running Placement Resizer Design Optimizations (log: designs/uart/runs/RUN_2026.06.25_18.30.17/logs/placement/9-resizer.log)...
[INFO]: Running Detailed Placement (log: designs/uart/runs/RUN_2026.06.25_18.30.17/logs/placement/10-detailed.log)...
[INFO]: Running Single-Corner Static Timing Analysis (log: designs/uart/runs/RUN_2026.06.25_18.30.17/logs/placement/11-dpl_sta.log)...
[INFO]: Running Clock Tree Synthesis (log: designs/uart/runs/RUN_2026.06.25_18.30.17/logs/cts/12-cts.log)...
[INFO]: Running Single-Corner Static Timing Analysis (log: designs/uart/runs/RUN_2026.06.25_18.30.17/logs/cts/13-cts_sta.log)...
[INFO]: Running Global Routing Resizer Design Optimizations (log: designs/uart/runs/RUN_2026.06.25_18.30.17/logs/routing/14-resizer_design.log)...
[INFO]: Running Single-Corner Static Timing Analysis (log: designs/uart/runs/RUN_2026.06.25_18.30.17/logs/routing/15-rsz_design_sta.log)...
[INFO]: Running Global Routing Resizer Timing Optimizations (log: designs/uart/runs/RUN_2026.06.25_18.30.17/logs/routing/16-resizer_timing.log)...
[INFO]: Running Single-Corner Static Timing Analysis (log: designs/uart/runs/RUN_2026.06.25_18.30.17/logs/routing/17-rsz_timing_sta.log)...
[INFO]: Running Global Routing (log: designs/uart/runs/RUN_2026.06.25_18.30.17/logs/routing/18-global.log)...
[INFO]: Starting OpenROAD Antenna Repair Iterations...
[INFO]: Writing Verilog (log: designs/uart/runs/RUN_2026.06.25_18.30.17/logs/routing/18-global_write_netlist.log)...
[INFO]: Running Single-Corner Static Timing Analysis (log: designs/uart/runs/RUN_2026.06.25_18.30.17/logs/routing/20-grt_sta.log)...
[INFO]: Running Fill Insertion (log: designs/uart/runs/RUN_2026.06.25_18.30.17/logs/routing/21-fill.log)...
[INFO]: Running Detailed Routing (log: designs/uart/runs/RUN_2026.06.25_18.30.17/logs/routing/22-detailed.log)...
[INFO]: No DRC violations after detailed routing.
[INFO]: Checking Wire Lengths (log: designs/uart/runs/RUN_2026.06.25_18.30.17/logs/routing/23-wire_lengths.log)...
[INFO]: Running Magic to generate various views...
[INFO]: Streaming out GDSII with Magic (log: designs/uart/runs/RUN_2026.06.25_18.30.17/logs/signoff/24-gdsii.log)...
[INFO]: Generating MAGLEF views...
[INFO]: Generating lef with Magic (/openlane/designs/uart/runs/RUN_2026.06.25_18.30.17/logs/signoff/24-lef.log)...
[INFO]: Running Magic Spice Export from LEF (log: designs/uart/runs/RUN_2026.06.25_18.30.17/logs/signoff/25-spice.log)...
[INFO]: Streaming out GDSII with KLayout (log: designs/uart/runs/RUN_2026.06.25_18.30.17/logs/signoff/26-gdsii-klayout.log)...
